[2019-10-15 11:36:32] local.ERROR: Undefined offset: 1 {"exception":"[object] (ErrorException(code: 0): Undefined offset: 1 at /Users/rikvermeulen/Documents/websites/onepages3/vendor/laravel/framework/src/Illuminate/View/Compilers/Concerns/CompilesLoops.php:95)
[stacktrace]
#0 /Users/rikvermeulen/Documents/websites/onepages3/vendor/laravel/framework/src/Illuminate/View/Compilers/Concerns/CompilesLoops.php(95): Illuminate\\Foundation\\Bootstrap\\HandleExceptions->handleError(8, 'Undefined offse...', '/Users/rikverme...', 95, Array)
#1 /Users/rikvermeulen/Documents/websites/onepages3/vendor/laravel/framework/src/Illuminate/View/Compilers/BladeCompiler.php(363): Illuminate\\View\\Compilers\\BladeCompiler->compileForeach('($blogs |---LIN...')
#2 /Users/rikvermeulen/Documents/websites/onepages3/vendor/laravel/framework/src/Illuminate/View/Compilers/BladeCompiler.php(345): Illuminate\\View\\Compilers\\BladeCompiler->compileStatement(Array)
#3 [internal function]: Illuminate\\View\\Compilers\\BladeCompiler->Illuminate\\View\\Compilers\\{closure}(Array)
#4 /Users/rikvermeulen/Documents/websites/onepages3/vendor/laravel/framework/src/Illuminate/View/Compilers/BladeCompiler.php(344): preg_replace_callback('/\\\\B@(@?\\\\w+(?:::...', Object(Closure), '|---LINE:1---|@...')
#5 /Users/rikvermeulen/Documents/websites/onepages3/vendor/laravel/framework/src/Illuminate/View/Compilers/BladeCompiler.php(313): Illuminate\\View\\Compilers\\BladeCompiler->compileStatements('|---LINE:1---|@...')
#6 /Users/rikvermeulen/Documents/websites/onepages3/vendor/laravel/framework/src/Illuminate/View/Compilers/BladeCompiler.php(205): Illuminate\\View\\Compilers\\BladeCompiler->parseToken(Array)
#7 /Users/rikvermeulen/Documents/websites/onepages3/vendor/facade/ignition/src/Views/Compilers/BladeSourceMapCompiler.php(45): Illuminate\\View\\Compilers\\BladeCompiler->compileString('|---LINE:1---|@...')
#8 /Users/rikvermeulen/Documents/websites/onepages3/vendor/facade/ignition/src/Views/Compilers/BladeSourceMapCompiler.php(11): Facade\\Ignition\\Views\\Compilers\\BladeSourceMapCompiler->compileString('|---LINE:1---|@...')
#9 /Users/rikvermeulen/Documents/websites/onepages3/vendor/facade/ignition/src/Views/Engines/CompilerEngine.php(96): Facade\\Ignition\\Views\\Compilers\\BladeSourceMapCompiler->detectLineNumber('/Users/rikverme...', 203)
#10 /Users/rikvermeulen/Documents/websites/onepages3/vendor/facade/ignition/src/Views/Engines/CompilerEngine.php(70): Facade\\Ignition\\Views\\Engines\\CompilerEngine->getBladeLineNumber('/Users/rikverme...', 203)
#11 /Users/rikvermeulen/Documents/websites/onepages3/vendor/laravel/framework/src/Illuminate/View/Engines/PhpEngine.php(45): Facade\\Ignition\\Views\\Engines\\CompilerEngine->handleViewException(Object(ErrorException), 1)
#12 /Users/rikvermeulen/Documents/websites/onepages3/vendor/laravel/framework/src/Illuminate/View/Engines/CompilerEngine.php(59): Illuminate\\View\\Engines\\PhpEngine->evaluatePath('/Users/rikverme...', Array)
#13 /Users/rikvermeulen/Documents/websites/onepages3/vendor/facade/ignition/src/Views/Engines/CompilerEngine.php(36): Illuminate\\View\\Engines\\CompilerEngine->get('/Users/rikverme...', Array)
#14 /Users/rikvermeulen/Documents/websites/onepages3/vendor/laravel/framework/src/Illuminate/View/View.php(143): Facade\\Ignition\\Views\\Engines\\CompilerEngine->get('/Users/rikverme...', Array)
#15 /Users/rikvermeulen/Documents/websites/onepages3/vendor/laravel/framework/src/Illuminate/View/View.php(126): Illuminate\\View\\View->getContents()
#16 /Users/rikvermeulen/Documents/websites/onepages3/vendor/laravel/framework/src/Illuminate/View/View.php(91): Illuminate\\View\\View->renderContents()
#17 /Users/rikvermeulen/Documents/websites/onepages3/vendor/laravel/framework/src/Illuminate/Http/Response.php(42): Illuminate\\View\\View->render()
#18 /Users/rikvermeulen/Documents/websites/onepages3/vendor/symfony/http-foundation/Response.php(202): Illuminate\\Http\\Response->setContent(Object(Illuminate\\View\\View))
#19 /Users/rikvermeulen/Documents/websites/onepages3/vendor/laravel/framework/src/Illuminate/Routing/Router.php(748): Symfony\\Component\\HttpFoundation\\Response->__construct(Object(Illuminate\\View\\View))
#20 /Users/rikvermeulen/Documents/websites/onepages3/vendor/laravel/framework/src/Illuminate/Routing/Router.php(720): Illuminate\\Routing\\Router::toResponse(Object(Illuminate\\Http\\Request), Object(Illuminate\\View\\View))
#21 /Users/rikvermeulen/Documents/websites/onepages3/vendor/laravel/framework/src/Illuminate/Routing/Router.php(680): Illuminate\\Routing\\Router->prepareResponse(Object(Illuminate\\Http\\Request), Object(Illuminate\\View\\View))
#22 /Users/rikvermeulen/Documents/websites/onepages3/vendor/laravel/framework/src/Illuminate/Pipeline/Pipeline.php(130): Illuminate\\Routing\\Router->Illuminate\\Routing\\{closure}(Object(Illuminate\\Http\\Request))
#23 /Users/rikvermeulen/Documents/websites/onepages3/vendor/laravel/framework/src/Illuminate/Routing/Middleware/SubstituteBindings.php(41): Illuminate\\Pipeline\\Pipeline->Illuminate\\Pipeline\\{closure}(Object(Illuminate\\Http\\Request))
#24 /Users/rikvermeulen/Documents/websites/onepages3/vendor/laravel/framework/src/Illuminate/Pipeline/Pipeline.php(171): Illuminate\\Routing\\Middleware\\SubstituteBindings->handle(Object(Illuminate\\Http\\Request), Object(Closure))
#25 /Users/rikvermeulen/Documents/websites/onepages3/vendor/laravel/framework/src/Illuminate/Foundation/Http/Middleware/VerifyCsrfToken.php(76): Illuminate\\Pipeline\\Pipeline->Illuminate\\Pipeline\\{closure}(Object(Illuminate\\Http\\Request))
#26 /Users/rikvermeulen/Documents/websites/onepages3/vendor/laravel/framework/src/Illuminate/Pipeline/Pipeline.php(171): Illuminate\\Foundation\\Http\\Middleware\\VerifyCsrfToken->handle(Object(Illuminate\\Http\\Request), Object(Closure))
#27 /Users/rikvermeulen/Documents/websites/onepages3/vendor/laravel/framework/src/Illuminate/View/Middleware/ShareErrorsFromSession.php(49): Illuminate\\Pipeline\\Pipeline->Illuminate\\Pipeline\\{closure}(Object(Illuminate\\Http\\Request))
#28 /Users/rikvermeulen/Documents/websites/onepages3/vendor/laravel/framework/src/Illuminate/Pipeline/Pipeline.php(171): Illuminate\\View\\Middleware\\ShareErrorsFromSession->handle(Object(Illuminate\\Http\\Request), Object(Closure))
#29 /Users/rikvermeulen/Documents/websites/onepages3/vendor/laravel/framework/src/Illuminate/Session/Middleware/StartSession.php(56): Illuminate\\Pipeline\\Pipeline->Illuminate\\Pipeline\\{closure}(Object(Illuminate\\Http\\Request))
#30 /Users/rikvermeulen/Documents/websites/onepages3/vendor/laravel/framework/src/Illuminate/Pipeline/Pipeline.php(171): Illuminate\\Session\\Middleware\\StartSession->handle(Object(Illuminate\\Http\\Request), Object(Closure))
#31 /Users/rikvermeulen/Documents/websites/onepages3/vendor/laravel/framework/src/Illuminate/Cookie/Middleware/AddQueuedCookiesToResponse.php(37): Illuminate\\Pipeline\\Pipeline->Illuminate\\Pipeline\\{closure}(Object(Illuminate\\Http\\Request))
#32 /Users/rikvermeulen/Documents/websites/onepages3/vendor/laravel/framework/src/Illuminate/Pipeline/Pipeline.php(171): Illuminate\\Cookie\\Middleware\\AddQueuedCookiesToResponse->handle(Object(Illuminate\\Http\\Request), Object(Closure))
#33 /Users/rikvermeulen/Documents/websites/onepages3/vendor/laravel/framework/src/Illuminate/Cookie/Middleware/EncryptCookies.php(66): Illuminate\\Pipeline\\Pipeline->Illuminate\\Pipeline\\{closure}(Object(Illuminate\\Http\\Request))
#34 /Users/rikvermeulen/Documents/websites/onepages3/vendor/laravel/framework/src/Illuminate/Pipeline/Pipeline.php(171): Illuminate\\Cookie\\Middleware\\EncryptCookies->handle(Object(Illuminate\\Http\\Request), Object(Closure))
#35 /Users/rikvermeulen/Documents/websites/onepages3/vendor/laravel/framework/src/Illuminate/Pipeline/Pipeline.php(105): Illuminate\\Pipeline\\Pipeline->Illuminate\\Pipeline\\{closure}(Object(Illuminate\\Http\\Request))
#36 /Users/rikvermeulen/Documents/websites/onepages3/vendor/laravel/framework/src/Illuminate/Routing/Router.php(682): Illuminate\\Pipeline\\Pipeline->then(Object(Closure))
#37 /Users/rikvermeulen/Documents/websites/onepages3/vendor/laravel/framework/src/Illuminate/Routing/Router.php(657): Illuminate\\Routing\\Router->runRouteWithinStack(Object(Illuminate\\Routing\\Route), Object(Illuminate\\Http\\Request))
#38 /Users/rikvermeulen/Documents/websites/onepages3/vendor/laravel/framework/src/Illuminate/Routing/Router.php(623): Illuminate\\Routing\\Router->runRoute(Object(Illuminate\\Http\\Request), Object(Illuminate\\Routing\\Route))
#39 /Users/rikvermeulen/Documents/websites/onepages3/vendor/laravel/framework/src/Illuminate/Routing/Router.php(612): Illuminate\\Routing\\Router->dispatchToRoute(Object(Illuminate\\Http\\Request))
#40 /Users/rikvermeulen/Documents/websites/onepages3/vendor/laravel/framework/src/Illuminate/Foundation/Http/Kernel.php(176): Illuminate\\Routing\\Router->dispatch(Object(Illuminate\\Http\\Request))
#41 /Users/rikvermeulen/Documents/websites/onepages3/vendor/laravel/framework/src/Illuminate/Pipeline/Pipeline.php(130): Illuminate\\Foundation\\Http\\Kernel->Illuminate\\Foundation\\Http\\{closure}(Object(Illuminate\\Http\\Request))
#42 /Users/rikvermeulen/Documents/websites/onepages3/vendor/laravel/framework/src/Illuminate/Foundation/Http/Middleware/TransformsRequest.php(21): Illuminate\\Pipeline\\Pipeline->Illuminate\\Pipeline\\{closure}(Object(Illuminate\\Http\\Request))
#43 /Users/rikvermeulen/Documents/websites/onepages3/vendor/laravel/framework/src/Illuminate/Pipeline/Pipeline.php(171): Illuminate\\Foundation\\Http\\Middleware\\TransformsRequest->handle(Object(Illuminate\\Http\\Request), Object(Closure))
#44 /Users/rikvermeulen/Documents/websites/onepages3/vendor/laravel/framework/src/Illuminate/Foundation/Http/Middleware/TransformsRequest.php(21): Illuminate\\Pipeline\\Pipeline->Illuminate\\Pipeline\\{closure}(Object(Illuminate\\Http\\Request))
#45 /Users/rikvermeulen/Documents/websites/onepages3/vendor/laravel/framework/src/Illuminate/Pipeline/Pipeline.php(171): Illuminate\\Foundation\\Http\\Middleware\\TransformsRequest->handle(Object(Illuminate\\Http\\Request), Object(Closure))
#46 /Users/rikvermeulen/Documents/websites/onepages3/vendor/laravel/framework/src/Illuminate/Foundation/Http/Middleware/ValidatePostSize.php(27): Illuminate\\Pipeline\\Pipeline->Illuminate\\Pipeline\\{closure}(Object(Illuminate\\Http\\Request))
#47 /Users/rikvermeulen/Documents/websites/onepages3/vendor/laravel/framework/src/Illuminate/Pipeline/Pipeline.php(171): Illuminate\\Foundation\\Http\\Middleware\\ValidatePostSize->handle(Object(Illuminate\\Http\\Request), Object(Closure))
#48 /Users/rikvermeulen/Documents/websites/onepages3/vendor/laravel/framework/src/Illuminate/Foundation/Http/Middleware/CheckForMaintenanceMode.php(62): Illuminate\\Pipeline\\Pipeline->Illuminate\\Pipeline\\{closure}(Object(Illuminate\\Http\\Request))
#49 /Users/rikvermeulen/Documents/websites/onepages3/vendor/laravel/framework/src/Illuminate/Pipeline/Pipeline.php(171): Illuminate\\Foundation\\Http\\Middleware\\CheckForMaintenanceMode->handle(Object(Illuminate\\Http\\Request), Object(Closure))
#50 /Users/rikvermeulen/Documents/websites/onepages3/vendor/fideloper/proxy/src/TrustProxies.php(57): Illuminate\\Pipeline\\Pipeline->Illuminate\\Pipeline\\{closure}(Object(Illuminate\\Http\\Request))
#51 /Users/rikvermeulen/Documents/websites/onepages3/vendor/laravel/framework/src/Illuminate/Pipeline/Pipeline.php(171): Fideloper\\Proxy\\TrustProxies->handle(Object(Illuminate\\Http\\Request), Object(Closure))
#52 /Users/rikvermeulen/Documents/websites/onepages3/vendor/laravel/framework/src/Illuminate/Pipeline/Pipeline.php(105): Illuminate\\Pipeline\\Pipeline->Illuminate\\Pipeline\\{closure}(Object(Illuminate\\Http\\Request))
#53 /Users/rikvermeulen/Documents/websites/onepages3/vendor/laravel/framework/src/Illuminate/Foundation/Http/Kernel.php(151): Illuminate\\Pipeline\\Pipeline->then(Object(Closure))
#54 /Users/rikvermeulen/Documents/websites/onepages3/vendor/laravel/framework/src/Illuminate/Foundation/Http/Kernel.php(116): Illuminate\\Foundation\\Http\\Kernel->sendRequestThroughRouter(Object(Illuminate\\Http\\Request))
#55 /Users/rikvermeulen/Documents/websites/onepages3/public/index.php(55): Illuminate\\Foundation\\Http\\Kernel->handle(Object(Illuminate\\Http\\Request))
#56 /Users/rikvermeulen/.composer/vendor/laravel/valet/server.php(158): require('/Users/rikverme...')
#57 {main}
"} 
